commit 12506bfd918e9e8f3df5dad8734403461f9e4cf2
Author: Niheeth <koneruniheeth9999@gmail.com>
Date:   Fri Jan 3 20:41:05 2020 +0100

    Remove previous file

commit 807b5408420bb8adda83cd29767fdc6979f63734
Author: Niheeth <koneruniheeth9999@gmail.com>
Date:   Fri Jan 3 20:40:23 2020 +0100

    Removed py extensions

commit 1a0a302fac57bb36c31909d3abe299fcc7c35972
Author: Niheeth <koneruniheeth9999@gmail.com>
Date:   Fri Jan 3 20:39:30 2020 +0100

    Modified README

commit 3e71c44587c5703a0482c654b86462c007ebe5b2
Author: Niheeth <koneruniheeth9999@gmail.com>
Date:   Fri Jan 3 20:31:02 2020 +0100

    Made it as executables

commit 707ec49c2337d0575382d2ee7c6660ce6ad9d88e
Author: Niheeth <koneruniheeth9999@gmail.com>
Date:   Fri Jan 3 20:30:07 2020 +0100

    Initial Commit

commit cf767a2246005b8e010a2e7b9e49de18074c8e8a
Author: Niheeth Koneru <39443048+Niheeth@users.noreply.github.com>
Date:   Fri Jan 3 20:23:46 2020 +0100

    Delete .DS_Store

commit 14c74318499ee7daffc02d95bc8c18d9738a1c55
Author: Niheeth <koneruniheeth9999@gmail.com>
Date:   Sun Oct 27 13:59:17 2019 +0100

    file added
